2013. 10. 31 오후 9:48:54 org.eclipse.birt.chart.device.swt.SwtDisplayServer <init>
정보: SWT Display Server: cocoa v4,333
2013. 10. 31 오후 9:48:54 org.eclipse.birt.chart.device.swt.R31Enhance <clinit>
정보: Advanced SWT graphics functions enabled.
2013. 10. 31 오후 9:48:54 org.eclipse.birt.chart.device.swt.SwtRendererImpl setProperty
정보: Using graphics context org.eclipse.swt.graphics.GC@GC {org.eclipse.swt.internal.cocoa.NSGraphicsContext{4298904912}}
2013. 10. 31 오후 9:48:54 org.eclipse.birt.chart.script.AbstractScriptHandler register
정보: Trying to load Chart Java event handler class...
2013. 10. 31 오후 9:48:54 org.eclipse.birt.chart.script.AbstractScriptHandler register
정보: A Chart Java event handler class [class org.eclipse.mat.impl.chart.StorageUnitRenderScript] has been loaded successfully.
2013. 10. 31 오후 9:48:55 org.eclipse.birt.chart.render.EmptyWithoutAxes renderSeries
정보: org.eclipse.birt.chart.render.EmptyWithoutAxes: renderSeries() [1/2]
2013. 10. 31 오후 9:48:55 org.eclipse.birt.chart.extension.render.Pie renderSeries
정보: {0}: renderSeries() [{1}/{2}]org.eclipse.birt.chart.extension.render.Pie22
2013. 10. 31 오후 9:49:00 org.eclipse.birt.chart.device.swing.SwingDisplayServer <init>
정보: SWING Display Server: Apple Inc. v1.6.0_65
2013. 10. 31 오후 9:49:01 org.eclipse.birt.chart.script.AbstractScriptHandler register
정보: Trying to load Chart Java event handler class...
2013. 10. 31 오후 9:49:01 org.eclipse.birt.chart.script.AbstractScriptHandler register
정보: A Chart Java event handler class [class org.eclipse.mat.impl.chart.LabelRenderScript] has been loaded successfully.
2013. 10. 31 오후 9:49:01 org.eclipse.birt.chart.device.swing.SwingRendererImpl prepareGraphicsContext
정보: Using graphics context sun.java2d.SunGraphics2D[font=java.awt.Font[family=Lucida Grande,name=Lucida Grande,style=plain,size=13],color=java.awt.Color[r=255,g=255,b=255]]
2013. 10. 31 오후 9:49:01 org.eclipse.birt.chart.render.EmptyWithoutAxes renderSeries
정보: org.eclipse.birt.chart.render.EmptyWithoutAxes: renderSeries() [1/2]
2013. 10. 31 오후 9:49:01 org.eclipse.birt.chart.extension.render.Pie renderSeries
정보: {0}: renderSeries() [{1}/{2}]org.eclipse.birt.chart.extension.render.Pie22
2013. 10. 31 오후 9:49:01 org.eclipse.birt.chart.device.image.JavaxImageIOWriter after
정보: Using {0} image writer {1}pngcom.sun.imageio.plugins.png.PNGImageWriter
2013. 10. 31 오후 9:49:01 org.eclipse.birt.chart.device.swing.SwingDisplayServer <init>
정보: SWING Display Server: Apple Inc. v1.6.0_65
2013. 10. 31 오후 9:49:01 org.eclipse.birt.chart.script.AbstractScriptHandler register
정보: Trying to load Chart Java event handler class...
2013. 10. 31 오후 9:49:01 org.eclipse.birt.chart.script.AbstractScriptHandler register
정보: A Chart Java event handler class [class org.eclipse.mat.impl.chart.LabelRenderScript] has been loaded successfully.
2013. 10. 31 오후 9:49:01 org.eclipse.birt.chart.device.swing.SwingRendererImpl prepareGraphicsContext
정보: Using graphics context sun.java2d.SunGraphics2D[font=java.awt.Font[family=Lucida Grande,name=Lucida Grande,style=plain,size=13],color=java.awt.Color[r=255,g=255,b=255]]
2013. 10. 31 오후 9:49:01 org.eclipse.birt.chart.render.EmptyWithoutAxes renderSeries
정보: org.eclipse.birt.chart.render.EmptyWithoutAxes: renderSeries() [1/2]
2013. 10. 31 오후 9:49:01 org.eclipse.birt.chart.extension.render.Pie renderSeries
정보: {0}: renderSeries() [{1}/{2}]org.eclipse.birt.chart.extension.render.Pie22
2013. 10. 31 오후 9:49:01 org.eclipse.birt.chart.device.image.JavaxImageIOWriter after
정보: Using {0} image writer {1}pngcom.sun.imageio.plugins.png.PNGImageWriter
2013. 10. 31 오후 9:49:01 org.eclipse.birt.chart.device.swing.SwingDisplayServer <init>
정보: SWING Display Server: Apple Inc. v1.6.0_65
2013. 10. 31 오후 9:49:01 org.eclipse.birt.chart.script.AbstractScriptHandler register
정보: Trying to load Chart Java event handler class...
2013. 10. 31 오후 9:49:01 org.eclipse.birt.chart.script.AbstractScriptHandler register
정보: A Chart Java event handler class [class org.eclipse.mat.impl.chart.LabelRenderScript] has been loaded successfully.
2013. 10. 31 오후 9:49:01 org.eclipse.birt.chart.device.swing.SwingRendererImpl prepareGraphicsContext
정보: Using graphics context sun.java2d.SunGraphics2D[font=java.awt.Font[family=Lucida Grande,name=Lucida Grande,style=plain,size=13],color=java.awt.Color[r=255,g=255,b=255]]
2013. 10. 31 오후 9:49:01 org.eclipse.birt.chart.render.EmptyWithoutAxes renderSeries
정보: org.eclipse.birt.chart.render.EmptyWithoutAxes: renderSeries() [1/2]
2013. 10. 31 오후 9:49:01 org.eclipse.birt.chart.extension.render.Pie renderSeries
정보: {0}: renderSeries() [{1}/{2}]org.eclipse.birt.chart.extension.render.Pie22
2013. 10. 31 오후 9:49:01 org.eclipse.birt.chart.device.image.JavaxImageIOWriter after
정보: Using {0} image writer {1}pngcom.sun.imageio.plugins.png.PNGImageWriter
2013. 10. 31 오후 9:49:01 org.eclipse.birt.chart.device.swing.SwingDisplayServer <init>
정보: SWING Display Server: Apple Inc. v1.6.0_65
2013. 10. 31 오후 9:49:01 org.eclipse.birt.chart.script.AbstractScriptHandler register
정보: Trying to load Chart Java event handler class...
2013. 10. 31 오후 9:49:01 org.eclipse.birt.chart.script.AbstractScriptHandler register
정보: A Chart Java event handler class [class org.eclipse.mat.impl.chart.LabelRenderScript] has been loaded successfully.
2013. 10. 31 오후 9:49:01 org.eclipse.birt.chart.device.swing.SwingRendererImpl prepareGraphicsContext
정보: Using graphics context sun.java2d.SunGraphics2D[font=java.awt.Font[family=Lucida Grande,name=Lucida Grande,style=plain,size=13],color=java.awt.Color[r=255,g=255,b=255]]
2013. 10. 31 오후 9:49:01 org.eclipse.birt.chart.render.EmptyWithoutAxes renderSeries
정보: org.eclipse.birt.chart.render.EmptyWithoutAxes: renderSeries() [1/2]
2013. 10. 31 오후 9:49:01 org.eclipse.birt.chart.extension.render.Pie renderSeries
정보: {0}: renderSeries() [{1}/{2}]org.eclipse.birt.chart.extension.render.Pie22
2013. 10. 31 오후 9:49:01 org.eclipse.birt.chart.device.image.JavaxImageIOWriter after
정보: Using {0} image writer {1}pngcom.sun.imageio.plugins.png.PNGImageWriter
2013. 10. 31 오후 9:51:55 org.eclipse.birt.chart.device.swing.SwingDisplayServer <init>
정보: SWING Display Server: Apple Inc. v1.6.0_65
2013. 10. 31 오후 9:51:55 org.eclipse.birt.chart.script.AbstractScriptHandler register
정보: Trying to load Chart Java event handler class...
2013. 10. 31 오후 9:51:55 org.eclipse.birt.chart.script.AbstractScriptHandler register
정보: A Chart Java event handler class [class org.eclipse.mat.impl.chart.LabelRenderScript] has been loaded successfully.
2013. 10. 31 오후 9:51:55 org.eclipse.birt.chart.device.swing.SwingRendererImpl prepareGraphicsContext
정보: Using graphics context sun.java2d.SunGraphics2D[font=java.awt.Font[family=Lucida Grande,name=Lucida Grande,style=plain,size=13],color=java.awt.Color[r=255,g=255,b=255]]
2013. 10. 31 오후 9:51:55 org.eclipse.birt.chart.render.EmptyWithoutAxes renderSeries
정보: org.eclipse.birt.chart.render.EmptyWithoutAxes: renderSeries() [1/2]
2013. 10. 31 오후 9:51:55 org.eclipse.birt.chart.extension.render.Pie renderSeries
정보: {0}: renderSeries() [{1}/{2}]org.eclipse.birt.chart.extension.render.Pie22
2013. 10. 31 오후 9:51:55 org.eclipse.birt.chart.device.image.JavaxImageIOWriter after
정보: Using {0} image writer {1}pngcom.sun.imageio.plugins.png.PNGImageWriter
2013. 10. 31 오후 9:51:55 org.eclipse.birt.chart.device.swing.SwingDisplayServer <init>
정보: SWING Display Server: Apple Inc. v1.6.0_65
2013. 10. 31 오후 9:51:55 org.eclipse.birt.chart.script.AbstractScriptHandler register
정보: Trying to load Chart Java event handler class...
2013. 10. 31 오후 9:51:55 org.eclipse.birt.chart.script.AbstractScriptHandler register
정보: A Chart Java event handler class [class org.eclipse.mat.impl.chart.LabelRenderScript] has been loaded successfully.
2013. 10. 31 오후 9:51:55 org.eclipse.birt.chart.device.swing.SwingRendererImpl prepareGraphicsContext
정보: Using graphics context sun.java2d.SunGraphics2D[font=java.awt.Font[family=Lucida Grande,name=Lucida Grande,style=plain,size=13],color=java.awt.Color[r=255,g=255,b=255]]
2013. 10. 31 오후 9:51:55 org.eclipse.birt.chart.render.EmptyWithoutAxes renderSeries
정보: org.eclipse.birt.chart.render.EmptyWithoutAxes: renderSeries() [1/2]
2013. 10. 31 오후 9:51:55 org.eclipse.birt.chart.extension.render.Pie renderSeries
정보: {0}: renderSeries() [{1}/{2}]org.eclipse.birt.chart.extension.render.Pie22
2013. 10. 31 오후 9:51:55 org.eclipse.birt.chart.device.image.JavaxImageIOWriter after
정보: Using {0} image writer {1}pngcom.sun.imageio.plugins.png.PNGImageWriter
2013. 10. 31 오후 9:51:55 org.eclipse.birt.chart.device.swing.SwingDisplayServer <init>
정보: SWING Display Server: Apple Inc. v1.6.0_65
2013. 10. 31 오후 9:51:55 org.eclipse.birt.chart.script.AbstractScriptHandler register
정보: Trying to load Chart Java event handler class...
2013. 10. 31 오후 9:51:55 org.eclipse.birt.chart.script.AbstractScriptHandler register
정보: A Chart Java event handler class [class org.eclipse.mat.impl.chart.LabelRenderScript] has been loaded successfully.
2013. 10. 31 오후 9:51:55 org.eclipse.birt.chart.device.swing.SwingRendererImpl prepareGraphicsContext
정보: Using graphics context sun.java2d.SunGraphics2D[font=java.awt.Font[family=Lucida Grande,name=Lucida Grande,style=plain,size=13],color=java.awt.Color[r=255,g=255,b=255]]
2013. 10. 31 오후 9:51:55 org.eclipse.birt.chart.render.EmptyWithoutAxes renderSeries
정보: org.eclipse.birt.chart.render.EmptyWithoutAxes: renderSeries() [1/2]
2013. 10. 31 오후 9:51:55 org.eclipse.birt.chart.extension.render.Pie renderSeries
정보: {0}: renderSeries() [{1}/{2}]org.eclipse.birt.chart.extension.render.Pie22
2013. 10. 31 오후 9:51:55 org.eclipse.birt.chart.device.image.JavaxImageIOWriter after
정보: Using {0} image writer {1}pngcom.sun.imageio.plugins.png.PNGImageWriter
2013. 10. 31 오후 9:51:55 org.eclipse.birt.chart.device.swing.SwingDisplayServer <init>
정보: SWING Display Server: Apple Inc. v1.6.0_65
2013. 10. 31 오후 9:51:55 org.eclipse.birt.chart.script.AbstractScriptHandler register
정보: Trying to load Chart Java event handler class...
2013. 10. 31 오후 9:51:55 org.eclipse.birt.chart.script.AbstractScriptHandler register
정보: A Chart Java event handler class [class org.eclipse.mat.impl.chart.LabelRenderScript] has been loaded successfully.
2013. 10. 31 오후 9:51:55 org.eclipse.birt.chart.device.swing.SwingRendererImpl prepareGraphicsContext
정보: Using graphics context sun.java2d.SunGraphics2D[font=java.awt.Font[family=Lucida Grande,name=Lucida Grande,style=plain,size=13],color=java.awt.Color[r=255,g=255,b=255]]
2013. 10. 31 오후 9:51:55 org.eclipse.birt.chart.render.EmptyWithoutAxes renderSeries
정보: org.eclipse.birt.chart.render.EmptyWithoutAxes: renderSeries() [1/2]
2013. 10. 31 오후 9:51:55 org.eclipse.birt.chart.extension.render.Pie renderSeries
정보: {0}: renderSeries() [{1}/{2}]org.eclipse.birt.chart.extension.render.Pie22
2013. 10. 31 오후 9:51:55 org.eclipse.birt.chart.device.image.JavaxImageIOWriter after
정보: Using {0} image writer {1}pngcom.sun.imageio.plugins.png.PNGImageWriter
